<?xml version="1.0" encoding="UTF-8"?>
<!-- Generated by org.testng.reporters.JUnitXMLReporter -->
<testsuite ignored="0" hostname="GOFIGS2A2290" failures="1" tests="1" name="Login + Functionality Tests" time="88.851" errors="0" timestamp="2025-10-30T14:06:49 IST">
  <testcase classname="com.figs.automation.tests.LoginTest" name="testLoginAndAgentFP" time="85.05">
    <failure type="java.lang.RuntimeException" message=" RDSTDR flow failed">
      <![CDATA[java.lang.RuntimeException:  RDSTDR flow failed
at com.figs.automation.flows.AccountOpening.Run_STDR(AccountOpening.java:46)
at com.figs.automation.runners.FunctionalitySelector.selectAndRun(FunctionalitySelector.java:74)
at com.figs.automation.tests.LoginTest.testLoginAndAgentFP(LoginTest.java:16)
at java.base/java.util.ArrayList.forEach(ArrayList.java:1596)
Caused by: org.openqa.selenium.NoSuchElementException: no such element: Unable to locate element: {"method":"xpath","selector":"//div[@class='css-hlgwow']//input[@id='react-select-3-input']"}
  (Session info: chrome=141.0.7390.125)
For documentation on this error, please visit: https://www.selenium.dev/documentation/webdriver/troubleshooting/errors#no-such-element-exception
Build info: version: '4.26.0', revision: '8ccf0219d7'
System info: os.name: 'Windows 11', os.arch: 'amd64', os.version: '10.0', java.version: '21.0.7'
Driver info: org.openqa.selenium.chrome.ChromeDriver
Command: [5822a1e367f8975f9f1b9797c9e11355, findElement {value=//div[@class='css-hlgwow']//input[@id='react-select-3-input'], using=xpath}]
Capabilities {acceptInsecureCerts: false, browserName: chrome, browserVersion: 141.0.7390.125, chrome: {chromedriverVersion: 141.0.7390.122 (b477534e7e1..., userDataDir: C:\Users\PREDIC~1\AppData\L...}, fedcm:accounts: true, goog:chromeOptions: {debuggerAddress: localhost:57732}, networkConnectionEnabled: false, pageLoadStrategy: normal, platformName: windows, proxy: Proxy(), se:cdp: ws://localhost:57732/devtoo..., se:cdpVersion: 141.0.7390.125, setWindowRect: true, strictFileInteractability: false, timeouts: {implicit: 0, pageLoad: 300000, script: 30000}, unhandledPromptBehavior: dismiss and notify, webauthn:extension:credBlob: true, webauthn:extension:largeBlob: true, webauthn:extension:minPinLength: true, webauthn:extension:prf: true, webauthn:virtualAuthenticators: true}
Session ID: 5822a1e367f8975f9f1b9797c9e11355
at org.openqa.selenium.remote.ErrorCodec.decode(ErrorCodec.java:167)
at org.openqa.selenium.remote.codec.w3c.W3CHttpResponseCodec.decode(W3CHttpResponseCodec.java:138)
at org.openqa.selenium.remote.codec.w3c.W3CHttpResponseCodec.decode(W3CHttpResponseCodec.java:50)
at org.openqa.selenium.remote.HttpCommandExecutor.execute(HttpCommandExecutor.java:190)
at org.openqa.selenium.remote.service.DriverCommandExecutor.invokeExecute(DriverCommandExecutor.java:216)
at org.openqa.selenium.remote.service.DriverCommandExecutor.execute(DriverCommandExecutor.java:174)
at org.openqa.selenium.remote.RemoteWebDriver.execute(RemoteWebDriver.java:545)
at org.openqa.selenium.remote.ElementLocation$ElementFinder$2.findElement(ElementLocation.java:165)
at org.openqa.selenium.remote.ElementLocation.findElement(ElementLocation.java:59)
at org.openqa.selenium.remote.RemoteWebDriver.findElement(RemoteWebDriver.java:368)
at org.openqa.selenium.remote.RemoteWebDriver.findElement(RemoteWebDriver.java:362)
at com.figs.automation.runners.Validation.ValidateMonths(Validation.java:2917)
at com.figs.automation.runners.Validation.TrxnMessageReaderAccountOpening(Validation.java:1339)
at com.figs.automation.runners.Validation.AccountOpeningChkResult(Validation.java:1289)
at com.figs.automation.runners.Validation.AccountOpeningValidations(Validation.java:61)
at com.figs.automation.flows.AccountOpening.RDSTDR(AccountOpening.java:124)
at com.figs.automation.flows.AccountOpening.Run_STDR(AccountOpening.java:44)
... 28 more
... Removed 28 stack frames]]>
    </failure>
  </testcase> <!-- testLoginAndAgentFP -->
</testsuite> <!-- Login + Functionality Tests -->
