<?xml version="1.0" encoding="UTF-8"?>
<!-- Generated by org.testng.reporters.JUnitXMLReporter -->
<testsuite ignored="0" hostname="DESKTOP-3TELDHC" failures="1" tests="1" name="Login + Functionality Tests" time="79.639" errors="0" timestamp="2025-11-20T13:45:20 IST">
  <testcase classname="com.figs.automation.tests.LoginTest" name="testLoginAndAgentFP" time="70.951">
    <failure type="java.lang.RuntimeException" message=" Lead Creation flow failed">
      <![CDATA[java.lang.RuntimeException:  Lead Creation flow failed
at com.figs.automation.flows.EaseServices.run_LeadGeneration(EaseServices.java:60)
at com.figs.automation.runners.FunctionalitySelector.selectAndRun(FunctionalitySelector.java:101)
at com.figs.automation.tests.LoginTest.testLoginAndAgentFP(LoginTest.java:16)
at java.base/java.util.ArrayList.forEach(ArrayList.java:1596)
Caused by: java.lang.NullPointerException: Cannot invoke "org.apache.poi.xssf.usermodel.XSSFCell.getStringCellValue()" because the return value of "org.apache.poi.xssf.usermodel.XSSFRow.getCell(int)" is null
at com.figs.automation.flows.EaseServices.LeadCreation(EaseServices.java:221)
at com.figs.automation.flows.EaseServices.run_LeadGeneration(EaseServices.java:58)
... 28 more
... Removed 25 stack frames]]>
    </failure>
  </testcase> <!-- testLoginAndAgentFP -->
</testsuite> <!-- Login + Functionality Tests -->
