<?xml version="1.0" encoding="UTF-8"?>
<!-- Generated by org.testng.reporters.JUnitXMLReporter -->
<testsuite ignored="0" hostname="DESKTOP-3TELDHC" failures="1" tests="1" name="Login + Functionality Tests" time="40.839" errors="0" timestamp="2025-11-18T18:29:50 IST">
  <testcase classname="com.figs.automation.tests.LoginTest" name="testLoginAndAgentFP" time="35.129">
    <failure type="java.lang.RuntimeException" message="❌ eKYC flow failed">
      <![CDATA[java.lang.RuntimeException: ❌ eKYC flow failed
at com.figs.automation.flows.AccountOpening.run(AccountOpening.java:37)
at com.figs.automation.runners.FunctionalitySelector.selectAndRun(FunctionalitySelector.java:55)
at com.figs.automation.tests.LoginTest.testLoginAndAgentFP(LoginTest.java:18)
at java.base/java.util.ArrayList.forEach(ArrayList.java:1596)
Caused by: java.io.IOException: Truncated ZIP file
at org.apache.commons.compress.archivers.zip.ZipArchiveInputStream.readDeflated(ZipArchiveInputStream.java:1005)
at org.apache.commons.compress.archivers.zip.ZipArchiveInputStream.read(ZipArchiveInputStream.java:927)
at java.base/java.io.FilterInputStream.read(FilterInputStream.java:119)
at org.apache.poi.openxml4j.util.ZipArchiveThresholdInputStream.read(ZipArchiveThresholdInputStream.java:78)
at org.apache.poi.util.IOUtils.toByteArray(IOUtils.java:245)
at org.apache.poi.util.IOUtils.toByteArrayWithMaxLength(IOUtils.java:225)
at org.apache.poi.openxml4j.util.ZipArchiveFakeEntry.<init>(ZipArchiveFakeEntry.java:82)
at org.apache.poi.openxml4j.util.ZipInputStreamZipEntrySource.<init>(ZipInputStreamZipEntrySource.java:98)
at org.apache.poi.openxml4j.opc.ZipPackage.<init>(ZipPackage.java:157)
at org.apache.poi.openxml4j.opc.OPCPackage.open(OPCPackage.java:351)
at org.apache.poi.ooxml.util.PackageHelper.open(PackageHelper.java:64)
at org.apache.poi.xssf.usermodel.XSSFWorkbook.<init>(XSSFWorkbook.java:313)
at org.apache.poi.xssf.usermodel.XSSFWorkbook.<init>(XSSFWorkbook.java:287)
at com.figs.automation.flows.AccountOpening.eKYC(AccountOpening.java:48)
at com.figs.automation.flows.AccountOpening.run(AccountOpening.java:35)
... 28 more
... Removed 25 stack frames]]>
    </failure>
  </testcase> <!-- testLoginAndAgentFP -->
</testsuite> <!-- Login + Functionality Tests -->
