<?xml version="1.0" encoding="UTF-8"?>
<!-- Generated by org.testng.reporters.JUnitXMLReporter -->
<testsuite ignored="0" hostname="DESKTOP-IJ58TBR" failures="1" tests="1" name="Login + Functionality Tests" time="158.835" errors="0" timestamp="2025-09-20T12:46:09 IST">
  <testcase classname="com.figs.automation.tests.LoginTest" name="testLoginAndAgentFP" time="154.223">
    <failure type="java.lang.RuntimeException" message="❌ MoneyTrasnfer flow failed">
      <![CDATA[java.lang.RuntimeException: ❌ MoneyTrasnfer flow failed
at com.figs.automation.flows.LoanDeposit.run(LoanDeposit.java:38)
at com.figs.automation.runners.FunctionalitySelector.selectAndRun(FunctionalitySelector.java:41)
at com.figs.automation.tests.LoginTest.testLoginAndAgentFP(LoginTest.java:18)
at java.base/java.util.ArrayList.forEach(ArrayList.java:1511)
Caused by: org.openqa.selenium.NoSuchElementException: no such element: Unable to locate element: {"method":"xpath","selector":"(//a[normalize-space(text())='Loan Deposit'])[2]"}
  (Session info: chrome=140.0.7339.128)
For documentation on this error, please visit: https://www.selenium.dev/documentation/webdriver/troubleshooting/errors#no-such-element-exception
Build info: version: '4.26.0', revision: '8ccf0219d7'
System info: os.name: 'Windows 11', os.arch: 'amd64', os.version: '10.0', java.version: '17.0.9'
Driver info: org.openqa.selenium.chrome.ChromeDriver
Command: [d8a2055fbef5462f8a5891ebaf394f87, findElement {value=(//a[normalize-space(text())='Loan Deposit'])[2], using=xpath}]
Capabilities {acceptInsecureCerts: false, browserName: chrome, browserVersion: 140.0.7339.128, chrome: {chromedriverVersion: 140.0.7339.185 (eeea00e459e..., userDataDir: C:\Users\USER\AppData\Local...}, fedcm:accounts: true, goog:chromeOptions: {debuggerAddress: localhost:54405}, networkConnectionEnabled: false, pageLoadStrategy: normal, platformName: windows, proxy: Proxy(), se:cdp: ws://localhost:54405/devtoo..., se:cdpVersion: 140.0.7339.128, setWindowRect: true, strictFileInteractability: false, timeouts: {implicit: 0, pageLoad: 300000, script: 30000}, unhandledPromptBehavior: dismiss and notify, webauthn:extension:credBlob: true, webauthn:extension:largeBlob: true, webauthn:extension:minPinLength: true, webauthn:extension:prf: true, webauthn:virtualAuthenticators: true}
Session ID: d8a2055fbef5462f8a5891ebaf394f87
at org.openqa.selenium.remote.ErrorCodec.decode(ErrorCodec.java:167)
at org.openqa.selenium.remote.codec.w3c.W3CHttpResponseCodec.decode(W3CHttpResponseCodec.java:138)
at org.openqa.selenium.remote.codec.w3c.W3CHttpResponseCodec.decode(W3CHttpResponseCodec.java:50)
at org.openqa.selenium.remote.HttpCommandExecutor.execute(HttpCommandExecutor.java:190)
at org.openqa.selenium.remote.service.DriverCommandExecutor.invokeExecute(DriverCommandExecutor.java:216)
at org.openqa.selenium.remote.service.DriverCommandExecutor.execute(DriverCommandExecutor.java:174)
at org.openqa.selenium.remote.RemoteWebDriver.execute(RemoteWebDriver.java:545)
at org.openqa.selenium.remote.ElementLocation$ElementFinder$2.findElement(ElementLocation.java:165)
at org.openqa.selenium.remote.ElementLocation.findElement(ElementLocation.java:59)
at org.openqa.selenium.remote.RemoteWebDriver.findElement(RemoteWebDriver.java:368)
at org.openqa.selenium.remote.RemoteWebDriver.findElement(RemoteWebDriver.java:362)
at com.figs.automation.runners.CommonFlow.ClickLoanDeposit(CommonFlow.java:58)
at com.figs.automation.flows.LoanDeposit.LoanToDeposit(LoanDeposit.java:71)
at com.figs.automation.flows.LoanDeposit.run(LoanDeposit.java:36)
... 30 more
... Removed 32 stack frames]]>
    </failure>
  </testcase> <!-- testLoginAndAgentFP -->
</testsuite> <!-- Login + Functionality Tests -->
