<?xml version="1.0" encoding="UTF-8"?>
<!-- Generated by org.testng.reporters.JUnitXMLReporter -->
<testsuite ignored="0" hostname="DESKTOP-3TELDHC" failures="1" tests="1" name="Login + Functionality Tests" time="63.39" errors="0" timestamp="2025-11-18T19:06:35 IST">
  <testcase classname="com.figs.automation.tests.LoginTest" name="testLoginAndAgentFP" time="58.457">
    <failure type="java.lang.RuntimeException" message="❌ eKYC flow failed">
      <![CDATA[java.lang.RuntimeException: ❌ eKYC flow failed
at com.figs.automation.flows.AccountOpening.run(AccountOpening.java:37)
at com.figs.automation.runners.FunctionalitySelector.selectAndRun(FunctionalitySelector.java:55)
at com.figs.automation.tests.LoginTest.testLoginAndAgentFP(LoginTest.java:18)
at java.base/java.util.ArrayList.forEach(ArrayList.java:1596)
Caused by: org.openqa.selenium.NoSuchElementException: no such element: Unable to locate element: {"method":"xpath","selector":"//a[@data-rr-ui-event-key='link-EKYC']"}
  (Session info: chrome=142.0.7444.163)
For documentation on this error, please visit: https://www.selenium.dev/documentation/webdriver/troubleshooting/errors#no-such-element-exception
Build info: version: '4.26.0', revision: '8ccf0219d7'
System info: os.name: 'Windows 11', os.arch: 'amd64', os.version: '10.0', java.version: '21.0.9'
Driver info: org.openqa.selenium.chrome.ChromeDriver
Command: [8f691700fd020e8cb803fdedd1fc07ab, findElement {using=xpath, value=//a[@data-rr-ui-event-key='link-EKYC']}]
Capabilities {acceptInsecureCerts: false, browserName: chrome, browserVersion: 142.0.7444.163, chrome: {chromedriverVersion: 142.0.7444.175 (302067f14a4..., userDataDir: C:\Users\SBI\AppData\Local\...}, fedcm:accounts: true, goog:chromeOptions: {debuggerAddress: localhost:60018}, goog:processID: 18844, networkConnectionEnabled: false, pageLoadStrategy: normal, platformName: windows, proxy: Proxy(), se:cdp: ws://localhost:60018/devtoo..., se:cdpVersion: 142.0.7444.163, setWindowRect: true, strictFileInteractability: false, timeouts: {implicit: 0, pageLoad: 300000, script: 30000}, unhandledPromptBehavior: dismiss and notify, webauthn:extension:credBlob: true, webauthn:extension:largeBlob: true, webauthn:extension:minPinLength: true, webauthn:extension:prf: true, webauthn:virtualAuthenticators: true}
Session ID: 8f691700fd020e8cb803fdedd1fc07ab
at org.openqa.selenium.remote.ErrorCodec.decode(ErrorCodec.java:167)
at org.openqa.selenium.remote.codec.w3c.W3CHttpResponseCodec.decode(W3CHttpResponseCodec.java:138)
at org.openqa.selenium.remote.codec.w3c.W3CHttpResponseCodec.decode(W3CHttpResponseCodec.java:50)
at org.openqa.selenium.remote.HttpCommandExecutor.execute(HttpCommandExecutor.java:190)
at org.openqa.selenium.remote.service.DriverCommandExecutor.invokeExecute(DriverCommandExecutor.java:216)
at org.openqa.selenium.remote.service.DriverCommandExecutor.execute(DriverCommandExecutor.java:174)
at org.openqa.selenium.remote.RemoteWebDriver.execute(RemoteWebDriver.java:545)
at org.openqa.selenium.remote.ElementLocation$ElementFinder$2.findElement(ElementLocation.java:165)
at org.openqa.selenium.remote.ElementLocation.findElement(ElementLocation.java:59)
at org.openqa.selenium.remote.RemoteWebDriver.findElement(RemoteWebDriver.java:368)
at org.openqa.selenium.remote.RemoteWebDriver.findElement(RemoteWebDriver.java:362)
at com.figs.automation.runners.Validation.ValidateAccountOpeningClick(Validation.java:2480)
at com.figs.automation.runners.Validation.TrxnMessageReaderAccountOpening(Validation.java:1068)
at com.figs.automation.runners.Validation.AccountOpeningChkResult(Validation.java:1048)
at com.figs.automation.runners.Validation.AccountOpeningValidations(Validation.java:40)
at com.figs.automation.flows.AccountOpening.eKYC(AccountOpening.java:71)
at com.figs.automation.flows.AccountOpening.run(AccountOpening.java:35)
... 28 more
... Removed 28 stack frames]]>
    </failure>
  </testcase> <!-- testLoginAndAgentFP -->
</testsuite> <!-- Login + Functionality Tests -->
