<?xml version="1.0" encoding="UTF-8"?>
<testng-results ignored="0" total="1" passed="0" failed="1" skipped="0">
  <reporter-output>
  </reporter-output>
  <suite started-at="2025-11-20T13:44:01 IST" name="FIGS Automation Suite" finished-at="2025-11-20T13:45:20 IST" duration-ms="79639">
    <groups>
    </groups>
    <test started-at="2025-11-20T13:44:01 IST" name="Login + Functionality Tests" finished-at="2025-11-20T13:45:20 IST" duration-ms="79639">
      <class name="com.figs.automation.tests.LoginTest">
        <test-method is-config="true" signature="setUp()[pri:0, instance:com.figs.automation.tests.LoginTest@4aa83f4f]" started-at="2025-11-20T13:44:01 IST" name="setUp" finished-at="2025-11-20T13:44:09 IST" duration-ms="8513" status="PASS">
          <reporter-output>
          </reporter-output>
        </test-method> <!-- setUp -->
        <test-method signature="testLoginAndAgentFP()[pri:0, instance:com.figs.automation.tests.LoginTest@4aa83f4f]" started-at="2025-11-20T13:44:09 IST" name="testLoginAndAgentFP" finished-at="2025-11-20T13:45:20 IST" duration-ms="70951" status="FAIL">
          <exception class="java.lang.RuntimeException">
            <message>
              <![CDATA[ Lead Creation flow failed]]>
            </message>
            <full-stacktrace>
              <![CDATA[java.lang.RuntimeException:  Lead Creation flow failed
at com.figs.automation.flows.EaseServices.run_LeadGeneration(EaseServices.java:60)
at com.figs.automation.runners.FunctionalitySelector.selectAndRun(FunctionalitySelector.java:101)
at com.figs.automation.tests.LoginTest.testLoginAndAgentFP(LoginTest.java:16)
at java.base/jdk.internal.reflect.DirectMethodHandleAccessor.invoke(DirectMethodHandleAccessor.java:103)
at java.base/java.lang.reflect.Method.invoke(Method.java:580)
at org.testng.internal.invokers.MethodInvocationHelper.invokeMethod(MethodInvocationHelper.java:141)
at org.testng.internal.invokers.TestInvoker.invokeMethod(TestInvoker.java:687)
at org.testng.internal.invokers.TestInvoker.invokeTestMethod(TestInvoker.java:230)
at org.testng.internal.invokers.MethodRunner.runInSequence(MethodRunner.java:63)
at org.testng.internal.invokers.TestInvoker$MethodInvocationAgent.invoke(TestInvoker.java:995)
at org.testng.internal.invokers.TestInvoker.invokeTestMethods(TestInvoker.java:203)
at org.testng.internal.invokers.TestMethodWorker.invokeTestMethods(TestMethodWorker.java:154)
at org.testng.internal.invokers.TestMethodWorker.run(TestMethodWorker.java:134)
at java.base/java.util.ArrayList.forEach(ArrayList.java:1596)
at org.testng.TestRunner.privateRun(TestRunner.java:741)
at org.testng.TestRunner.run(TestRunner.java:616)
at org.testng.SuiteRunner.runTest(SuiteRunner.java:421)
at org.testng.SuiteRunner.runSequentially(SuiteRunner.java:413)
at org.testng.SuiteRunner.privateRun(SuiteRunner.java:373)
at org.testng.SuiteRunner.run(SuiteRunner.java:312)
at org.testng.SuiteRunnerWorker.runSuite(SuiteRunnerWorker.java:52)
at org.testng.SuiteRunnerWorker.run(SuiteRunnerWorker.java:95)
at org.testng.TestNG.runSuitesSequentially(TestNG.java:1274)
at org.testng.TestNG.runSuitesLocally(TestNG.java:1208)
at org.testng.TestNG.runSuites(TestNG.java:1112)
at org.testng.TestNG.run(TestNG.java:1079)
at org.testng.remote.AbstractRemoteTestNG.run(AbstractRemoteTestNG.java:115)
at org.testng.remote.RemoteTestNG.initAndRun(RemoteTestNG.java:293)
at org.testng.remote.RemoteTestNG.main(RemoteTestNG.java:91)
Caused by: java.lang.NullPointerException: Cannot invoke "org.apache.poi.xssf.usermodel.XSSFCell.getStringCellValue()" because the return value of "org.apache.poi.xssf.usermodel.XSSFRow.getCell(int)" is null
at com.figs.automation.flows.EaseServices.LeadCreation(EaseServices.java:221)
at com.figs.automation.flows.EaseServices.run_LeadGeneration(EaseServices.java:58)
... 28 more
]]>
            </full-stacktrace>
          </exception> <!-- java.lang.RuntimeException -->
          <reporter-output>
          </reporter-output>
        </test-method> <!-- testLoginAndAgentFP -->
        <test-method is-config="true" signature="tearDown()[pri:0, instance:com.figs.automation.tests.LoginTest@4aa83f4f]" started-at="2025-11-20T13:45:20 IST" name="tearDown" finished-at="2025-11-20T13:45:20 IST" duration-ms="143" status="PASS">
          <reporter-output>
          </reporter-output>
        </test-method> <!-- tearDown -->
      </class> <!-- com.figs.automation.tests.LoginTest -->
    </test> <!-- Login + Functionality Tests -->
  </suite> <!-- FIGS Automation Suite -->
</testng-results>
