<?xml version="1.0" encoding="UTF-8"?>
<testng-results ignored="0" total="1" passed="1" failed="0" skipped="0">
  <reporter-output>
  </reporter-output>
  <suite started-at="2025-11-18T18:06:03 IST" name="FIGS Automation Suite" finished-at="2025-11-18T18:07:08 IST" duration-ms="64531">
    <groups>
    </groups>
    <test started-at="2025-11-18T18:06:03 IST" name="Login + Functionality Tests" finished-at="2025-11-18T18:07:08 IST" duration-ms="64531">
      <class name="com.figs.automation.tests.LoginTest">
        <test-method is-config="true" signature="setUp()[pri:0, instance:com.figs.automation.tests.LoginTest@5be067de]" started-at="2025-11-18T18:06:03 IST" name="setUp" finished-at="2025-11-18T18:06:14 IST" duration-ms="11055" status="PASS">
          <reporter-output>
          </reporter-output>
        </test-method> <!-- setUp -->
        <test-method signature="testLoginAndAgentFP()[pri:0, instance:com.figs.automation.tests.LoginTest@5be067de]" started-at="2025-11-18T18:06:14 IST" name="testLoginAndAgentFP" finished-at="2025-11-18T18:07:07 IST" duration-ms="53192" status="PASS">
          <reporter-output>
          </reporter-output>
        </test-method> <!-- testLoginAndAgentFP -->
        <test-method is-config="true" signature="tearDown()[pri:0, instance:com.figs.automation.tests.LoginTest@5be067de]" started-at="2025-11-18T18:07:07 IST" name="tearDown" finished-at="2025-11-18T18:07:08 IST" duration-ms="251" status="PASS">
          <reporter-output>
          </reporter-output>
        </test-method> <!-- tearDown -->
      </class> <!-- com.figs.automation.tests.LoginTest -->
    </test> <!-- Login + Functionality Tests -->
  </suite> <!-- FIGS Automation Suite -->
</testng-results>
