<?xml version="1.0" encoding="UTF-8"?>
<testng-results ignored="0" total="1" passed="1" failed="0" skipped="0">
  <reporter-output>
  </reporter-output>
  <suite started-at="2025-11-20T18:31:15 IST" name="FIGS Automation Suite" finished-at="2025-11-20T18:32:33 IST" duration-ms="77836">
    <groups>
    </groups>
    <test started-at="2025-11-20T18:31:15 IST" name="Login + Functionality Tests" finished-at="2025-11-20T18:32:33 IST" duration-ms="77836">
      <class name="com.figs.automation.tests.LoginTest">
        <test-method is-config="true" signature="setUp()[pri:0, instance:com.figs.automation.tests.LoginTest@4aa83f4f]" started-at="2025-11-20T18:31:15 IST" name="setUp" finished-at="2025-11-20T18:31:40 IST" duration-ms="24742" status="PASS">
          <reporter-output>
          </reporter-output>
        </test-method> <!-- setUp -->
        <test-method signature="testLoginAndAgentFP()[pri:0, instance:com.figs.automation.tests.LoginTest@4aa83f4f]" started-at="2025-11-20T18:31:40 IST" name="testLoginAndAgentFP" finished-at="2025-11-20T18:32:33 IST" duration-ms="52919" status="PASS">
          <reporter-output>
          </reporter-output>
        </test-method> <!-- testLoginAndAgentFP -->
        <test-method is-config="true" signature="tearDown()[pri:0, instance:com.figs.automation.tests.LoginTest@4aa83f4f]" started-at="2025-11-20T18:32:33 IST" name="tearDown" finished-at="2025-11-20T18:32:33 IST" duration-ms="145" status="PASS">
          <reporter-output>
          </reporter-output>
        </test-method> <!-- tearDown -->
      </class> <!-- com.figs.automation.tests.LoginTest -->
    </test> <!-- Login + Functionality Tests -->
  </suite> <!-- FIGS Automation Suite -->
</testng-results>
